C51 COMPILER V9.60.0.0   MAIN                                                              01/12/2022 20:46:27 PAGE 1   


C51 COMPILER V9.60.0.0, COMPILATION OF MODULE MAIN
OBJECT MODULE PLACED IN main.OBJ
COMPILER INVOKED BY: C:\Keil_v5\C51\BIN\C51.EXE main.c OMF2 OPTIMIZE(8,SPEED) BROWSE DEBUG TABS(2)

line level    source

   1          #include <REGX52.H>
   2          
   3          extern void LcdInit();
   4          extern void LcdWelcome();
   5          extern void Lcd_Cursor (char row, char column);
   6          extern void Lcd_DisplayCharacter (char a_char);
   7          extern void Lcd_DisplayString (char row, char column, char *string);
   8          extern void Lcd_WriteControl (unsigned char LcdCommand);
   9          
  10          unsigned char data Var1, Var2, Var3;
  11          volatile unsigned char data Bufor[] = {" Received:      "};
  12          
  13          void ISR_Serial(void) interrupt 4
  14            {
  15   1          if(RI ==1)
  16   1           {
  17   2             Lcd_Cursor (3,12);
  18   2             Lcd_DisplayCharacter (SBUF);
  19   2             Lcd_WriteControl(0x0C);
  20   2             RI = 0;
  21   2           }
  22   1        }
  23          
  24          void Init(void)
  25            {
  26   1          SCON = 0x50;
  27   1          TH2 = RCAP2H = 0xFF;
  28   1          TL2 = RCAP2L = 0xDC;
  29   1          T2CON = 0x30;
  30   1          TR2 = 1;
  31   1          P3_4 = 0;
  32   1         
  33   1          EX0 = 1;
  34   1          IT0 = 1;
  35   1          ES  = 1;
  36   1          EA  = 1;
  37   1        }
  38          
  39          void main(void){
  40   1        Init();
  41   1        LcdInit();
  42   1        LcdWelcome();
  43   1        Lcd_DisplayString (3,1,Bufor);
  44   1        while(1) {;}
  45   1      }


MODULE INFORMATION:   STATIC OVERLAYABLE
   CODE SIZE        =    136    ----
   CONSTANT SIZE    =   ----    ----
   XDATA SIZE       =   ----    ----
   PDATA SIZE       =   ----    ----
   DATA SIZE        =     20    ----
   IDATA SIZE       =   ----    ----
   BIT SIZE         =   ----    ----
C51 COMPILER V9.60.0.0   MAIN                                                              01/12/2022 20:46:27 PAGE 2   

   EDATA SIZE       =   ----    ----
   HDATA SIZE       =   ----    ----
   XDATA CONST SIZE =   ----    ----
   FAR CONST SIZE   =   ----    ----
END OF MODULE INFORMATION.


C51 COMPILATION COMPLETE.  0 WARNING(S),  0 ERROR(S)
